../aw_d3qd1_bv_solver pw.txt periodicity_data.txt medium.txt sphere_m3.msh ex2.dat

-- planewave --
medium density                   [kg/m^3] :            1000
speed of sound in the medium        [m/s] :            1500
frequency                            [Hz] :          100000
sound pressure amplitude             [Pa] :     10+      0I
x-component of translation vector     [m] :               0
y-component of translation vector     [m] :               0
z-component of translation vector     [m] :               0
rotation parameter theta            [rad] :             0.3
rotation parameter psi              [rad] :               0
-- additional information --
wavelength                            [m] :           0.015
absolute value of sound intensity [W/m^2] : 3.3333333333333e-05
x-component of sound intensity    [W/m^2] : 9.850673555378e-06
y-component of sound intensity    [W/m^2] :               0
z-component of sound intensity    [W/m^2] : 3.184454963752e-05

--- periodicity data ---
periodicity data file name = periodicity_data.txt
periodicity setting        =          1
lattice constant           =      0.015

--- medium data ---
medium data file name      = medium.txt
domain id  1 rho0 [kg/m^3] =     970
             c0      [m/s] =    1004
domain id  2 rho0 [kg/m^3] =     970
             c0      [m/s] =    1004
domain id  3 rho0 [kg/m^3] =     970
             c0      [m/s] =    1004

--- mesh data ---
mesh data file name        = sphere_m3.msh
node number                =     1806
defined element number     =     3600



solve acoustic wave boundary value 
  coefficient matrix          finished. Elapsed time :  5985 (sec)
  solve VP boundary value     finished. Elapsed time :    61 (sec)
  solve PV boundary value     finished. Elapsed time :    21 (sec)
Total elapsed time : 6068 (sec)
