./example1.out veri.dat 

 "mpw.txt" No.00 -- planewave --
medium density                   [kg/m^3] :            1000
speed of sound in the medium        [m/s] :            1500
frequency                            [Hz] :          100000
sound pressure amplitude             [Pa] :     10+      0I
x-component of translation vector     [m] :               0
y-component of translation vector     [m] :               0
z-component of translation vector     [m] :               0
rotation parameter theta            [rad] :             0.3
rotation parameter psi              [rad] :               0
-- additional information --
wavelength                            [m] :           0.015
absolute value of sound intensity [W/m^2] : 3.3333333333333e-05
x-component of sound intensity    [W/m^2] : 9.850673555378e-06
y-component of sound intensity    [W/m^2] :               0
z-component of sound intensity    [W/m^2] : 3.184454963752e-05

---- sphere data ( msphr.txt ) ----
number of spheres                             :                7
  Sphere ID 0
medium density                       [kg/m^3] :              970
speed of sound in the medium            [m/s] :             1004
radius of sphere                              :            0.005
x-coordinate of sphere center                 :                0
y-coordinate of sphere center                 :                0
z-coordinate of sphere center                 :                0
basic sampling number on sphere surface       :               64
division number for sphere surface    (per PI):                2
limit of order number l                       :               40
  Sphere ID 1
medium density                       [kg/m^3] :              970
speed of sound in the medium            [m/s] :             1004
radius of sphere                              :            0.005
x-coordinate of sphere center                 :             0.05
y-coordinate of sphere center                 :                0
z-coordinate of sphere center                 :                0
basic sampling number on sphere surface       :               64
division number for sphere surface    (per PI):                2
limit of order number l                       :               40
  Sphere ID 2
medium density                       [kg/m^3] :              970
speed of sound in the medium            [m/s] :             1004
radius of sphere                              :            0.005
x-coordinate of sphere center                 :            -0.05
y-coordinate of sphere center                 :                0
z-coordinate of sphere center                 :                0
basic sampling number on sphere surface       :               64
division number for sphere surface    (per PI):                2
limit of order number l                       :               40
  Sphere ID 3
medium density                       [kg/m^3] :              970
speed of sound in the medium            [m/s] :             1004
radius of sphere                              :            0.005
x-coordinate of sphere center                 :              0.1
y-coordinate of sphere center                 :                0
z-coordinate of sphere center                 :                0
basic sampling number on sphere surface       :               64
division number for sphere surface    (per PI):                2
limit of order number l                       :               40
  Sphere ID 4
medium density                       [kg/m^3] :              970
speed of sound in the medium            [m/s] :             1004
radius of sphere                              :            0.005
x-coordinate of sphere center                 :             -0.1
y-coordinate of sphere center                 :                0
z-coordinate of sphere center                 :                0
basic sampling number on sphere surface       :               64
division number for sphere surface    (per PI):                2
limit of order number l                       :               40
  Sphere ID 5
medium density                       [kg/m^3] :              970
speed of sound in the medium            [m/s] :             1004
radius of sphere                              :            0.005
x-coordinate of sphere center                 :             0.15
y-coordinate of sphere center                 :                0
z-coordinate of sphere center                 :                0
basic sampling number on sphere surface       :               64
division number for sphere surface    (per PI):                2
limit of order number l                       :               40
  Sphere ID 6
medium density                       [kg/m^3] :              970
speed of sound in the medium            [m/s] :             1004
radius of sphere                              :            0.005
x-coordinate of sphere center                 :            -0.15
y-coordinate of sphere center                 :                0
z-coordinate of sphere center                 :                0
basic sampling number on sphere surface       :               64
division number for sphere surface    (per PI):                2
limit of order number l                       :               40

sound pressure and particle velocity at r=(-0.03, 0.01, 0.002)
p  =-1.00833340059273e+01 -3.54285703631377e+00 I [Pa]
vx =-1.85043843012340e-06 -1.27365627619286e-06 I [m/s]
vy =-8.75421190884628e-08 -4.52770226233718e-07 I [m/s]
vz =-6.36126281058570e-06 -1.40737409025552e-06 I [m/s]

radiation force of sphere id 0
F=( 6.37037415097581e-13,  0.00000000000000e+00,  2.01591722794793e-12) [N]
radiation force of sphere id 1
F=( 6.73506335200907e-13,  0.00000000000000e+00,  1.97772034270422e-12) [N]
radiation force of sphere id 2
F=( 6.66127653148086e-13,  0.00000000000000e+00,  1.97123151299825e-12) [N]
radiation force of sphere id 3
F=( 6.53955675592349e-13,  0.00000000000000e+00,  1.99390705988331e-12) [N]
radiation force of sphere id 4
F=( 6.67962730909573e-13,  0.00000000000000e+00,  1.99943371368101e-12) [N]
radiation force of sphere id 5
F=( 6.31201110766187e-13,  0.00000000000000e+00,  2.00103853661591e-12) [N]
radiation force of sphere id 6
F=( 6.36547562550532e-13,  0.00000000000000e+00,  2.01766600783703e-12) [N]


-- verification of relation of sound pressure and particle velocity --
relation : v = 1/k2 nabla p, k2 = i omega rho.
calculate the derivative of p using the central difference. h=1e-06
sphere id 0, r=(0.259343, 0.14168, 0.955336), outside the sphere
  scattered_pv_amsp() : v_x = 5.04814155021999e-08 -2.79518319717320e-08 I
  central difference  : v_x = 5.04814153494322e-08 -2.79518319052097e-08 I
  scattered_pv_amsp() : v_y = 2.54653398618805e-08 -1.50320038506389e-08 I
  central difference  : v_y = 2.54653398559046e-08 -1.50320038508931e-08 I
  scattered_pv_amsp() : v_z = 1.71314073278323e-07 -1.01731114196782e-07 I
  central difference  : v_z = 1.71314068787504e-07 -1.01731111515321e-07 I
sphere id 1, r=(0.309343, 0.14168, 0.955336), outside the sphere
  scattered_pv_amsp() : v_x = 1.78054262775922e-08 -2.68251701381967e-08 I
  central difference  : v_x = 1.78054262725128e-08 -2.68251700730663e-08 I
  scattered_pv_amsp() : v_y = 9.62913994930201e-09 -1.10267377486695e-08 I
  central difference  : v_y = 9.62913994746719e-09 -1.10267377537944e-08 I
  scattered_pv_amsp() : v_z = 6.46905816896500e-08 -7.44682970485843e-08 I
  central difference  : v_z = 6.46905799419252e-08 -7.44682951467932e-08 I
sphere id 2, r=(0.209343, 0.14168, 0.955336), outside the sphere
  scattered_pv_amsp() : v_x = 3.54061655212205e-08 -4.27900031982430e-08 I
  central difference  : v_x = 3.54061654312234e-08 -4.27900030714550e-08 I
  scattered_pv_amsp() : v_y = 1.48230125800048e-08 -2.43180945842955e-08 I
  central difference  : v_y = 1.48230125871063e-08 -2.43180945723689e-08 I
  scattered_pv_amsp() : v_z = 9.94481559554893e-08 -1.64106668036915e-07 I
  central difference  : v_z = 9.94481533796469e-08 -1.64106663701718e-07 I
sphere id 3, r=(0.359343, 0.14168, 0.955336), outside the sphere
  scattered_pv_amsp() : v_x = 4.77973564248474e-08 -3.92198365000248e-08 I
  central difference  : v_x = 4.77973562523020e-08 -3.92198364069518e-08 I
  scattered_pv_amsp() : v_y = 2.10564356746315e-08 -2.00279066394838e-08 I
  central difference  : v_y = 2.10564356696426e-08 -2.00279066330105e-08 I
  scattered_pv_amsp() : v_z = 1.41523645187805e-07 -1.35309041514875e-07 I
  central difference  : v_z = 1.41523641553240e-07 -1.35309037954421e-07 I
sphere id 4, r=(0.159343, 0.14168, 0.955336), outside the sphere
  scattered_pv_amsp() : v_x = 2.16187739631085e-08 -2.75644486983846e-08 I
  central difference  : v_x = 2.16187739246479e-08 -2.75644486207528e-08 I
  scattered_pv_amsp() : v_y = 1.30492475167216e-09 -1.78487041653097e-08 I
  central difference  : v_y = 1.30492476534971e-09 -1.78487041593150e-08 I
  scattered_pv_amsp() : v_z = 8.48283623615258e-09 -1.20280271808103e-07 I
  central difference  : v_z = 8.48283613658755e-09 -1.20280268578131e-07 I
sphere id 5, r=(0.409343, 0.14168, 0.955336), outside the sphere
  scattered_pv_amsp() : v_x = 6.98688596473528e-09 -5.60367448065429e-08 I
  central difference  : v_x = 6.98688599253362e-09 -5.60367445944868e-08 I
  scattered_pv_amsp() : v_y = 4.20128994794510e-09 -2.39401228998669e-08 I
  central difference  : v_y = 4.20128994740146e-09 -2.39401228921649e-08 I
  scattered_pv_amsp() : v_z = 2.78866912522355e-08 -1.61382556093076e-07 I
  central difference  : v_z = 2.78866904733830e-08 -1.61382551984210e-07 I
sphere id 6, r=(0.109343, 0.14168, 0.955336), outside the sphere
  scattered_pv_amsp() : v_x = 1.94168950620207e-08 -7.49125636237607e-09 I
  central difference  : v_x = 1.94168950339811e-08 -7.49125634338989e-09 I
  scattered_pv_amsp() : v_y =-8.75507048657558e-09 -1.22704349147093e-08 I
  central difference  : v_y =-8.75507046965814e-09 -1.22704349094383e-08 I
  scattered_pv_amsp() : v_z =-5.92045990064605e-08 -8.25152390143840e-08 I
  central difference  : v_z =-5.92045972129295e-08 -8.25152367036776e-08 I

-- verification of boundary conditions --
internal field p_w, v_w, scattered field p_s, v_s, incident field p_i, v_i
boundary condition of sound pressure    : p_i + p_s = p_w 
boundary condition of particle velocity : (v_i + v_s) dot n = v_w dot n
sphere id 0, r=(0.00129672, 0.0007084, 0.00477668), n=(0.259343, 0.14168, 0.955336)
  p_i + p_s =-2.52850515148659e+01 -1.58578188293545e-01 I
  p_w       =-2.52850515148658e+01 -1.58578188293547e-01 I
  (v_i + v_s) dot n =-9.80646666582149e-06 -6.13670721285557e-06 I
  v_w dot n         =-9.80646666582168e-06 -6.13670721285557e-06 I
sphere id 1, r=(0.0512967, 0.0007084, 0.00477668), n=(0.259343, 0.14168, 0.955336)
  p_i + p_s =-2.50838476036431e+01 +2.04182299130809e+00 I
  p_w       =-2.50838476036432e+01 +2.04182299130802e+00 I
  (v_i + v_s) dot n =-1.03268807746780e-05 -5.09659092917839e-06 I
  v_w dot n         =-1.03268807746782e-05 -5.09659092917843e-06 I
sphere id 2, r=(-0.0487033, 0.0007084, 0.00477668), n=(0.259343, 0.14168, 0.955336)
  p_i + p_s =-2.49609119652418e+01 -2.56449370999756e+00 I
  p_w       =-2.49609119652418e+01 -2.56449370999756e+00 I
  (v_i + v_s) dot n =-9.24695002072311e-06 -6.95631019585541e-06 I
  v_w dot n         =-9.24695002072325e-06 -6.95631019585546e-06 I
sphere id 3, r=(0.101297, 0.0007084, 0.00477668), n=(0.259343, 0.14168, 0.955336)
  p_i + p_s =-2.47870427709941e+01 +4.50906999562707e+00 I
  p_w       =-2.47870427709939e+01 +4.50906999562704e+00 I
  (v_i + v_s) dot n =-1.07918631096174e-05 -4.15593013787326e-06 I
  v_w dot n         =-1.07918631096175e-05 -4.15593013787325e-06 I
sphere id 4, r=(-0.0987033, 0.0007084, 0.00477668), n=(0.259343, 0.14168, 0.955336)
  p_i + p_s =-2.47759253845226e+01 -5.10027537955195e+00 I
  p_w       =-2.47759253845226e+01 -5.10027537955199e+00 I
  (v_i + v_s) dot n =-8.44677871372206e-06 -7.77592033583416e-06 I
  v_w dot n         =-8.44677871372216e-06 -7.77592033583426e-06 I
sphere id 5, r=(0.151297, 0.0007084, 0.00477668), n=(0.259343, 0.14168, 0.955336)
  p_i + p_s =-2.42562741177739e+01 +6.85027695986612e+00 I
  p_w       =-2.42562741177739e+01 +6.85027695986621e+00 I
  (v_i + v_s) dot n =-1.11608786577627e-05 -3.16404757670145e-06 I
  v_w dot n         =-1.11608786577628e-05 -3.16404757670133e-06 I
sphere id 6, r=(-0.148703, 0.0007084, 0.00477668), n=(0.259343, 0.14168, 0.955336)
  p_i + p_s =-2.42982193593769e+01 -6.80928898311531e+00 I
  p_w       =-2.42982193593767e+01 -6.80928898311533e+00 I
  (v_i + v_s) dot n =-7.80829197874610e-06 -8.67383068683027e-06 I
  v_w dot n         =-7.80829197874626e-06 -8.67383068683031e-06 I

-- verification of radiation force analysis --
F_f :  far field method ( summation of field coefficients )
F_n : near field method ( surface integral of radiation stress tensor )
sphere id 0, rotation cetner rc=(0, 0, 0)
  F_f=( 6.37037415097581e-13,  0.00000000000000e+00,  2.01591722794793e-12)
  F_n=( 6.37037415097576e-13, -1.54204818777837e-29,  2.01591722794793e-12)
  N_f=( 0.00000000000000e+00,  0.00000000000000e+00,  0.00000000000000e+00)
  N_n=(-8.26624146678739e-32, -8.19607856012025e-29,  3.86913173560243e-32)
sphere id 1, rotation cetner rc=(0, 0, 0)
  F_f=( 6.73506335200907e-13,  0.00000000000000e+00,  1.97772034270422e-12)
  F_n=( 6.73506335200916e-13,  2.21832808577467e-28,  1.97772034270422e-12)
  N_f=( 0.00000000000000e+00, -9.88860171352111e-14,  0.00000000000000e+00)
  N_n=(-4.67941339617731e-31, -9.88860171352112e-14,  1.12762616381361e-29)
sphere id 2, rotation cetner rc=(0, 0, 0)
  F_f=( 6.66127653148086e-13,  0.00000000000000e+00,  1.97123151299825e-12)
  F_n=( 6.66127653148089e-13,  1.05212969217682e-28,  1.97123151299825e-12)
  N_f=( 0.00000000000000e+00,  9.85615756499126e-14,  0.00000000000000e+00)
  N_n=( 7.34595537492151e-32,  9.85615756499126e-14, -4.65021877373811e-30)
sphere id 3, rotation cetner rc=(0, 0, 0)
  F_f=( 6.53955675592349e-13,  0.00000000000000e+00,  1.99390705988331e-12)
  F_n=( 6.53955675592330e-13,  1.11776541647604e-28,  1.99390705988331e-12)
  N_f=( 0.00000000000000e+00, -1.99390705988331e-13,  0.00000000000000e+00)
  N_n=(-2.60304707847621e-31, -1.99390705988331e-13,  1.01168221716360e-29)
sphere id 4, rotation cetner rc=(0, 0, 0)
  F_f=( 6.67962730909573e-13,  0.00000000000000e+00,  1.99943371368101e-12)
  F_n=( 6.67962730909568e-13,  6.22204139707417e-29,  1.99943371368101e-12)
  N_f=( 0.00000000000000e+00,  1.99943371368101e-13,  0.00000000000000e+00)
  N_n=( 2.59887137255061e-31,  1.99943371368101e-13, -5.30669898077772e-30)
sphere id 5, rotation cetner rc=(0, 0, 0)
  F_f=( 6.31201110766187e-13,  0.00000000000000e+00,  2.00103853661591e-12)
  F_n=( 6.31201110766200e-13,  7.94227811145204e-29,  2.00103853661591e-12)
  N_f=( 0.00000000000000e+00, -3.00155780492387e-13,  0.00000000000000e+00)
  N_n=(-7.39060536577882e-31, -3.00155780492387e-13,  1.10137839790453e-29)
sphere id 6, rotation cetner rc=(0, 0, 0)
  F_f=( 6.36547562550532e-13,  0.00000000000000e+00,  2.01766600783703e-12)
  F_n=( 6.36547562550534e-13,  1.23222162649521e-28,  2.01766600783703e-12)
  N_f=( 0.00000000000000e+00,  3.02649901175555e-13,  0.00000000000000e+00)
  N_n=(-4.82897935461578e-31,  3.02649901175554e-13, -1.80481054311956e-29)
